<?xml version="1.0" encoding="UTF-8"?>
<coverage generated="1775335223">
  <project timestamp="1775335223" name="Clover Coverage">
    <package name="App\Console\Commands">
      <file name="/home/runner/work/simova-farma-php-webscraping/simova-farma-php-webscraping/app/Console/Commands/SendDailyDigestCommand.php">
        <class name="App\Console\Commands\SendDailyDigestCommand" namespace="App\Console\Commands">
          <metrics complexity="1" methods="1" coveredmethods="1" conditionals="0" coveredconditionals="0" statements="5" coveredstatements="5" elements="6" coveredelements="6"/>
        </class>
        <line num="23" type="method" name="handle" visibility="public" complexity="1" crap="1" count="1"/>
        <line num="25" type="stmt" count="1"/>
        <line num="27" type="stmt" count="1"/>
        <line num="29" type="stmt" count="1"/>
        <line num="30" type="stmt" count="1"/>
        <line num="32" type="stmt" count="1"/>
        <metrics loc="35" ncloc="25" classes="1" methods="1" coveredmethods="1" conditionals="0" coveredconditionals="0" statements="5" coveredstatements="5" elements="6" coveredelements="6"/>
      </file>
      <file name="/home/runner/work/simova-farma-php-webscraping/simova-farma-php-webscraping/app/Console/Commands/SendEditorialPostsCommand.php">
        <class name="App\Console\Commands\SendEditorialPostsCommand" namespace="App\Console\Commands">
          <metrics complexity="1" methods="1" coveredmethods="1" conditionals="0" coveredconditionals="0" statements="4" coveredstatements="4" elements="5" coveredelements="5"/>
        </class>
        <line num="27" type="method" name="handle" visibility="public" complexity="1" crap="1" count="1"/>
        <line num="29" type="stmt" count="1"/>
        <line num="31" type="stmt" count="1"/>
        <line num="33" type="stmt" count="1"/>
        <line num="35" type="stmt" count="1"/>
        <metrics loc="38" ncloc="24" classes="1" methods="1" coveredmethods="1" conditionals="0" coveredconditionals="0" statements="4" coveredstatements="4" elements="5" coveredelements="5"/>
      </file>
      <file name="/home/runner/work/simova-farma-php-webscraping/simova-farma-php-webscraping/app/Console/Commands/SetTelegramWebhookCommand.php">
        <class name="App\Console\Commands\SetTelegramWebhookCommand" namespace="App\Console\Commands">
          <metrics complexity="5" methods="1" coveredmethods="1" conditionals="0" coveredconditionals="0" statements="17" coveredstatements="17" elements="18" coveredelements="18"/>
        </class>
        <line num="28" type="method" name="handle" visibility="public" complexity="5" crap="5" count="4"/>
        <line num="30" type="stmt" count="4"/>
        <line num="31" type="stmt" count="2"/>
        <line num="32" type="stmt" count="2"/>
        <line num="33" type="stmt" count="1"/>
        <line num="35" type="stmt" count="1"/>
        <line num="37" type="stmt" count="2"/>
        <line num="40" type="stmt" count="2"/>
        <line num="41" type="stmt" count="2"/>
        <line num="43" type="stmt" count="2"/>
        <line num="45" type="stmt" count="2"/>
        <line num="46" type="stmt" count="1"/>
        <line num="47" type="stmt" count="1"/>
        <line num="50" type="stmt" count="1"/>
        <line num="51" type="stmt" count="1"/>
        <line num="53" type="stmt" count="1"/>
        <line num="54" type="stmt" count="1"/>
        <line num="57" type="stmt" count="1"/>
        <metrics loc="60" ncloc="44" classes="1" methods="1" coveredmethods="1" conditionals="0" coveredconditionals="0" statements="17" coveredstatements="17" elements="18" coveredelements="18"/>
      </file>
    </package>
    <package name="App\Filament\Resources">
      <file name="/home/runner/work/simova-farma-php-webscraping/simova-farma-php-webscraping/app/Filament/Resources/ArticleResource.php">
        <class name="App\Filament\Resources\ArticleResource" namespace="App\Filament\Resources">
          <metrics complexity="11" methods="3" coveredmethods="2" conditionals="0" coveredconditionals="0" statements="129" coveredstatements="126" elements="132" coveredelements="128"/>
        </class>
        <line num="31" type="method" name="form" visibility="public" complexity="1" crap="1" count="2"/>
        <line num="33" type="stmt" count="2"/>
        <line num="34" type="stmt" count="2"/>
        <line num="35" type="stmt" count="2"/>
        <line num="36" type="stmt" count="2"/>
        <line num="37" type="stmt" count="2"/>
        <line num="38" type="stmt" count="2"/>
        <line num="39" type="stmt" count="2"/>
        <line num="41" type="stmt" count="2"/>
        <line num="42" type="stmt" count="2"/>
        <line num="43" type="stmt" count="2"/>
        <line num="44" type="stmt" count="2"/>
        <line num="45" type="stmt" count="2"/>
        <line num="46" type="stmt" count="2"/>
        <line num="48" type="stmt" count="2"/>
        <line num="49" type="stmt" count="2"/>
        <line num="50" type="stmt" count="2"/>
        <line num="51" type="stmt" count="2"/>
        <line num="53" type="stmt" count="2"/>
        <line num="54" type="stmt" count="2"/>
        <line num="55" type="stmt" count="2"/>
        <line num="57" type="stmt" count="2"/>
        <line num="58" type="stmt" count="2"/>
        <line num="59" type="stmt" count="2"/>
        <line num="61" type="stmt" count="2"/>
        <line num="62" type="stmt" count="2"/>
        <line num="63" type="stmt" count="2"/>
        <line num="64" type="stmt" count="2"/>
        <line num="65" type="stmt" count="2"/>
        <line num="66" type="stmt" count="2"/>
        <line num="67" type="stmt" count="2"/>
        <line num="68" type="stmt" count="2"/>
        <line num="69" type="stmt" count="2"/>
        <line num="70" type="stmt" count="2"/>
        <line num="72" type="stmt" count="2"/>
        <line num="73" type="stmt" count="2"/>
        <line num="74" type="stmt" count="2"/>
        <line num="75" type="stmt" count="2"/>
        <line num="77" type="stmt" count="2"/>
        <line num="78" type="stmt" count="2"/>
        <line num="79" type="stmt" count="2"/>
        <line num="80" type="stmt" count="2"/>
        <line num="81" type="stmt" count="2"/>
        <line num="82" type="stmt" count="2"/>
        <line num="84" type="stmt" count="2"/>
        <line num="85" type="stmt" count="2"/>
        <line num="86" type="stmt" count="2"/>
        <line num="87" type="stmt" count="2"/>
        <line num="89" type="stmt" count="2"/>
        <line num="90" type="stmt" count="2"/>
        <line num="91" type="stmt" count="2"/>
        <line num="92" type="stmt" count="2"/>
        <line num="93" type="stmt" count="2"/>
        <line num="94" type="stmt" count="2"/>
        <line num="96" type="stmt" count="2"/>
        <line num="97" type="stmt" count="2"/>
        <line num="98" type="stmt" count="2"/>
        <line num="100" type="stmt" count="2"/>
        <line num="101" type="stmt" count="2"/>
        <line num="103" type="stmt" count="2"/>
        <line num="104" type="stmt" count="2"/>
        <line num="106" type="stmt" count="2"/>
        <line num="107" type="stmt" count="2"/>
        <line num="108" type="stmt" count="2"/>
        <line num="109" type="stmt" count="2"/>
        <line num="112" type="method" name="table" visibility="public" complexity="9" crap="9" count="1"/>
        <line num="114" type="stmt" count="1"/>
        <line num="115" type="stmt" count="1"/>
        <line num="116" type="stmt" count="1"/>
        <line num="117" type="stmt" count="1"/>
        <line num="118" type="stmt" count="1"/>
        <line num="119" type="stmt" count="1"/>
        <line num="120" type="stmt" count="1"/>
        <line num="121" type="stmt" count="1"/>
        <line num="122" type="stmt" count="1"/>
        <line num="123" type="stmt" count="1"/>
        <line num="124" type="stmt" count="1"/>
        <line num="126" type="stmt" count="1"/>
        <line num="127" type="stmt" count="1"/>
        <line num="128" type="stmt" count="1"/>
        <line num="129" type="stmt" count="1"/>
        <line num="130" type="stmt" count="1"/>
        <line num="132" type="stmt" count="1"/>
        <line num="133" type="stmt" count="1"/>
        <line num="134" type="stmt" count="1"/>
        <line num="135" type="stmt" count="1"/>
        <line num="136" type="stmt" count="0"/>
        <line num="137" type="stmt" count="0"/>
        <line num="138" type="stmt" count="0"/>
        <line num="139" type="stmt" count="1"/>
        <line num="140" type="stmt" count="1"/>
        <line num="141" type="stmt" count="1"/>
        <line num="143" type="stmt" count="1"/>
        <line num="144" type="stmt" count="1"/>
        <line num="145" type="stmt" count="1"/>
        <line num="147" type="stmt" count="1"/>
        <line num="148" type="stmt" count="1"/>
        <line num="149" type="stmt" count="1"/>
        <line num="151" type="stmt" count="1"/>
        <line num="152" type="stmt" count="1"/>
        <line num="153" type="stmt" count="1"/>
        <line num="155" type="stmt" count="1"/>
        <line num="156" type="stmt" count="1"/>
        <line num="157" type="stmt" count="1"/>
        <line num="158" type="stmt" count="1"/>
        <line num="159" type="stmt" count="1"/>
        <line num="160" type="stmt" count="1"/>
        <line num="161" type="stmt" count="1"/>
        <line num="162" type="stmt" count="1"/>
        <line num="163" type="stmt" count="1"/>
        <line num="164" type="stmt" count="1"/>
        <line num="165" type="stmt" count="1"/>
        <line num="166" type="stmt" count="1"/>
        <line num="167" type="stmt" count="1"/>
        <line num="168" type="stmt" count="1"/>
        <line num="169" type="stmt" count="1"/>
        <line num="171" type="stmt" count="1"/>
        <line num="172" type="stmt" count="1"/>
        <line num="174" type="stmt" count="1"/>
        <line num="175" type="stmt" count="1"/>
        <line num="176" type="stmt" count="1"/>
        <line num="177" type="stmt" count="1"/>
        <line num="178" type="stmt" count="1"/>
        <line num="179" type="stmt" count="1"/>
        <line num="180" type="stmt" count="1"/>
        <line num="181" type="stmt" count="1"/>
        <line num="184" type="method" name="getPages" visibility="public" complexity="1" crap="1" count="167"/>
        <line num="186" type="stmt" count="167"/>
        <line num="187" type="stmt" count="167"/>
        <line num="188" type="stmt" count="167"/>
        <line num="189" type="stmt" count="167"/>
        <line num="190" type="stmt" count="167"/>
        <metrics loc="193" ncloc="187" classes="1" methods="3" coveredmethods="2" conditionals="0" coveredconditionals="0" statements="129" coveredstatements="126" elements="132" coveredelements="128"/>
      </file>
      <file name="/home/runner/work/simova-farma-php-webscraping/simova-farma-php-webscraping/app/Filament/Resources/BlogPostResource.php">
        <class name="App\Filament\Resources\BlogPostResource" namespace="App\Filament\Resources">
          <metrics complexity="7" methods="3" coveredmethods="1" conditionals="0" coveredconditionals="0" statements="121" coveredstatements="118" elements="124" coveredelements="119"/>
        </class>
        <line num="31" type="method" name="form" visibility="public" complexity="1" crap="1" count="2"/>
        <line num="33" type="stmt" count="2"/>
        <line num="34" type="stmt" count="2"/>
        <line num="35" type="stmt" count="2"/>
        <line num="36" type="stmt" count="2"/>
        <line num="37" type="stmt" count="2"/>
        <line num="38" type="stmt" count="2"/>
        <line num="39" type="stmt" count="2"/>
        <line num="40" type="stmt" count="2"/>
        <line num="41" type="stmt" count="0"/>
        <line num="42" type="stmt" count="2"/>
        <line num="43" type="stmt" count="2"/>
        <line num="45" type="stmt" count="2"/>
        <line num="46" type="stmt" count="2"/>
        <line num="47" type="stmt" count="2"/>
        <line num="48" type="stmt" count="2"/>
        <line num="49" type="stmt" count="2"/>
        <line num="50" type="stmt" count="2"/>
        <line num="52" type="stmt" count="2"/>
        <line num="53" type="stmt" count="2"/>
        <line num="54" type="stmt" count="2"/>
        <line num="55" type="stmt" count="2"/>
        <line num="56" type="stmt" count="2"/>
        <line num="58" type="stmt" count="2"/>
        <line num="59" type="stmt" count="2"/>
        <line num="60" type="stmt" count="2"/>
        <line num="61" type="stmt" count="2"/>
        <line num="62" type="stmt" count="2"/>
        <line num="64" type="stmt" count="2"/>
        <line num="65" type="stmt" count="2"/>
        <line num="66" type="stmt" count="2"/>
        <line num="67" type="stmt" count="2"/>
        <line num="68" type="stmt" count="2"/>
        <line num="70" type="stmt" count="2"/>
        <line num="71" type="stmt" count="2"/>
        <line num="72" type="stmt" count="2"/>
        <line num="73" type="stmt" count="2"/>
        <line num="74" type="stmt" count="2"/>
        <line num="76" type="stmt" count="2"/>
        <line num="77" type="stmt" count="2"/>
        <line num="78" type="stmt" count="2"/>
        <line num="79" type="stmt" count="2"/>
        <line num="81" type="stmt" count="2"/>
        <line num="82" type="stmt" count="2"/>
        <line num="83" type="stmt" count="2"/>
        <line num="84" type="stmt" count="2"/>
        <line num="86" type="stmt" count="2"/>
        <line num="87" type="stmt" count="2"/>
        <line num="88" type="stmt" count="2"/>
        <line num="89" type="stmt" count="2"/>
        <line num="90" type="stmt" count="2"/>
        <line num="91" type="stmt" count="2"/>
        <line num="92" type="stmt" count="2"/>
        <line num="93" type="stmt" count="2"/>
        <line num="94" type="stmt" count="2"/>
        <line num="95" type="stmt" count="2"/>
        <line num="96" type="stmt" count="2"/>
        <line num="98" type="stmt" count="2"/>
        <line num="99" type="stmt" count="2"/>
        <line num="100" type="stmt" count="2"/>
        <line num="101" type="stmt" count="2"/>
        <line num="103" type="stmt" count="2"/>
        <line num="104" type="stmt" count="2"/>
        <line num="105" type="stmt" count="2"/>
        <line num="106" type="stmt" count="2"/>
        <line num="107" type="stmt" count="2"/>
        <line num="108" type="stmt" count="2"/>
        <line num="109" type="stmt" count="2"/>
        <line num="112" type="method" name="table" visibility="public" complexity="5" crap="5" count="1"/>
        <line num="114" type="stmt" count="1"/>
        <line num="115" type="stmt" count="1"/>
        <line num="116" type="stmt" count="1"/>
        <line num="117" type="stmt" count="1"/>
        <line num="118" type="stmt" count="1"/>
        <line num="119" type="stmt" count="1"/>
        <line num="120" type="stmt" count="1"/>
        <line num="121" type="stmt" count="1"/>
        <line num="122" type="stmt" count="1"/>
        <line num="123" type="stmt" count="1"/>
        <line num="124" type="stmt" count="1"/>
        <line num="125" type="stmt" count="0"/>
        <line num="126" type="stmt" count="0"/>
        <line num="127" type="stmt" count="1"/>
        <line num="128" type="stmt" count="1"/>
        <line num="130" type="stmt" count="1"/>
        <line num="131" type="stmt" count="1"/>
        <line num="132" type="stmt" count="1"/>
        <line num="133" type="stmt" count="1"/>
        <line num="135" type="stmt" count="1"/>
        <line num="136" type="stmt" count="1"/>
        <line num="137" type="stmt" count="1"/>
        <line num="138" type="stmt" count="1"/>
        <line num="140" type="stmt" count="1"/>
        <line num="141" type="stmt" count="1"/>
        <line num="142" type="stmt" count="1"/>
        <line num="144" type="stmt" count="1"/>
        <line num="145" type="stmt" count="1"/>
        <line num="146" type="stmt" count="1"/>
        <line num="147" type="stmt" count="1"/>
        <line num="149" type="stmt" count="1"/>
        <line num="150" type="stmt" count="1"/>
        <line num="151" type="stmt" count="1"/>
        <line num="152" type="stmt" count="1"/>
        <line num="153" type="stmt" count="1"/>
        <line num="154" type="stmt" count="1"/>
        <line num="155" type="stmt" count="1"/>
        <line num="156" type="stmt" count="1"/>
        <line num="157" type="stmt" count="1"/>
        <line num="158" type="stmt" count="1"/>
        <line num="159" type="stmt" count="1"/>
        <line num="160" type="stmt" count="1"/>
        <line num="161" type="stmt" count="1"/>
        <line num="162" type="stmt" count="1"/>
        <line num="163" type="stmt" count="1"/>
        <line num="164" type="stmt" count="1"/>
        <line num="165" type="stmt" count="1"/>
        <line num="166" type="stmt" count="1"/>
        <line num="167" type="stmt" count="1"/>
        <line num="170" type="method" name="getPages" visibility="public" complexity="1" crap="1" count="167"/>
        <line num="172" type="stmt" count="167"/>
        <line num="173" type="stmt" count="167"/>
        <line num="174" type="stmt" count="167"/>
        <line num="175" type="stmt" count="167"/>
        <line num="176" type="stmt" count="167"/>
        <metrics loc="179" ncloc="173" classes="1" methods="3" coveredmethods="1" conditionals="0" coveredconditionals="0" statements="121" coveredstatements="118" elements="124" coveredelements="119"/>
      </file>
      <file name="/home/runner/work/simova-farma-php-webscraping/simova-farma-php-webscraping/app/Filament/Resources/EditorialPostResource.php">
        <class name="App\Filament\Resources\EditorialPostResource" namespace="App\Filament\Resources">
          <metrics complexity="11" methods="3" coveredmethods="2" conditionals="0" coveredconditionals="0" statements="142" coveredstatements="129" elements="145" coveredelements="131"/>
        </class>
        <line num="35" type="method" name="form" visibility="public" complexity="1" crap="1" count="2"/>
        <line num="37" type="stmt" count="2"/>
        <line num="38" type="stmt" count="2"/>
        <line num="39" type="stmt" count="2"/>
        <line num="40" type="stmt" count="2"/>
        <line num="41" type="stmt" count="2"/>
        <line num="42" type="stmt" count="2"/>
        <line num="43" type="stmt" count="2"/>
        <line num="45" type="stmt" count="2"/>
        <line num="46" type="stmt" count="2"/>
        <line num="47" type="stmt" count="2"/>
        <line num="48" type="stmt" count="2"/>
        <line num="49" type="stmt" count="2"/>
        <line num="50" type="stmt" count="2"/>
        <line num="52" type="stmt" count="2"/>
        <line num="53" type="stmt" count="2"/>
        <line num="54" type="stmt" count="2"/>
        <line num="55" type="stmt" count="2"/>
        <line num="56" type="stmt" count="2"/>
        <line num="57" type="stmt" count="2"/>
        <line num="59" type="stmt" count="2"/>
        <line num="60" type="stmt" count="2"/>
        <line num="61" type="stmt" count="2"/>
        <line num="62" type="stmt" count="2"/>
        <line num="63" type="stmt" count="2"/>
        <line num="64" type="stmt" count="2"/>
        <line num="65" type="stmt" count="2"/>
        <line num="66" type="stmt" count="2"/>
        <line num="67" type="stmt" count="2"/>
        <line num="69" type="stmt" count="2"/>
        <line num="70" type="stmt" count="2"/>
        <line num="71" type="stmt" count="2"/>
        <line num="72" type="stmt" count="2"/>
        <line num="73" type="stmt" count="2"/>
        <line num="75" type="stmt" count="2"/>
        <line num="76" type="stmt" count="2"/>
        <line num="77" type="stmt" count="2"/>
        <line num="78" type="stmt" count="2"/>
        <line num="79" type="stmt" count="2"/>
        <line num="80" type="stmt" count="2"/>
        <line num="81" type="stmt" count="2"/>
        <line num="82" type="stmt" count="2"/>
        <line num="83" type="stmt" count="2"/>
        <line num="84" type="stmt" count="2"/>
        <line num="86" type="stmt" count="2"/>
        <line num="87" type="stmt" count="2"/>
        <line num="88" type="stmt" count="2"/>
        <line num="89" type="stmt" count="2"/>
        <line num="90" type="stmt" count="2"/>
        <line num="91" type="stmt" count="2"/>
        <line num="93" type="stmt" count="2"/>
        <line num="94" type="stmt" count="2"/>
        <line num="95" type="stmt" count="2"/>
        <line num="96" type="stmt" count="2"/>
        <line num="98" type="stmt" count="2"/>
        <line num="99" type="stmt" count="2"/>
        <line num="100" type="stmt" count="2"/>
        <line num="101" type="stmt" count="2"/>
        <line num="102" type="stmt" count="2"/>
        <line num="105" type="method" name="table" visibility="public" complexity="9" crap="9.36" count="1"/>
        <line num="107" type="stmt" count="1"/>
        <line num="108" type="stmt" count="1"/>
        <line num="109" type="stmt" count="1"/>
        <line num="110" type="stmt" count="1"/>
        <line num="111" type="stmt" count="1"/>
        <line num="112" type="stmt" count="1"/>
        <line num="113" type="stmt" count="1"/>
        <line num="114" type="stmt" count="1"/>
        <line num="115" type="stmt" count="1"/>
        <line num="116" type="stmt" count="1"/>
        <line num="117" type="stmt" count="1"/>
        <line num="118" type="stmt" count="1"/>
        <line num="119" type="stmt" count="0"/>
        <line num="120" type="stmt" count="0"/>
        <line num="121" type="stmt" count="0"/>
        <line num="122" type="stmt" count="1"/>
        <line num="123" type="stmt" count="1"/>
        <line num="125" type="stmt" count="1"/>
        <line num="126" type="stmt" count="1"/>
        <line num="127" type="stmt" count="1"/>
        <line num="128" type="stmt" count="1"/>
        <line num="130" type="stmt" count="1"/>
        <line num="131" type="stmt" count="1"/>
        <line num="132" type="stmt" count="1"/>
        <line num="133" type="stmt" count="1"/>
        <line num="134" type="stmt" count="1"/>
        <line num="135" type="stmt" count="1"/>
        <line num="136" type="stmt" count="1"/>
        <line num="137" type="stmt" count="1"/>
        <line num="138" type="stmt" count="0"/>
        <line num="139" type="stmt" count="1"/>
        <line num="140" type="stmt" count="1"/>
        <line num="142" type="stmt" count="1"/>
        <line num="143" type="stmt" count="1"/>
        <line num="144" type="stmt" count="1"/>
        <line num="145" type="stmt" count="1"/>
        <line num="147" type="stmt" count="1"/>
        <line num="148" type="stmt" count="1"/>
        <line num="149" type="stmt" count="1"/>
        <line num="151" type="stmt" count="1"/>
        <line num="152" type="stmt" count="1"/>
        <line num="153" type="stmt" count="1"/>
        <line num="154" type="stmt" count="1"/>
        <line num="155" type="stmt" count="1"/>
        <line num="156" type="stmt" count="1"/>
        <line num="157" type="stmt" count="1"/>
        <line num="158" type="stmt" count="1"/>
        <line num="159" type="stmt" count="1"/>
        <line num="160" type="stmt" count="1"/>
        <line num="161" type="stmt" count="1"/>
        <line num="162" type="stmt" count="1"/>
        <line num="163" type="stmt" count="1"/>
        <line num="165" type="stmt" count="1"/>
        <line num="166" type="stmt" count="1"/>
        <line num="167" type="stmt" count="1"/>
        <line num="168" type="stmt" count="1"/>
        <line num="169" type="stmt" count="1"/>
        <line num="170" type="stmt" count="1"/>
        <line num="171" type="stmt" count="1"/>
        <line num="172" type="stmt" count="1"/>
        <line num="175" type="stmt" count="1"/>
        <line num="176" type="stmt" count="1"/>
        <line num="177" type="stmt" count="1"/>
        <line num="178" type="stmt" count="1"/>
        <line num="179" type="stmt" count="1"/>
        <line num="180" type="stmt" count="1"/>
        <line num="181" type="stmt" count="0"/>
        <line num="182" type="stmt" count="0"/>
        <line num="183" type="stmt" count="0"/>
        <line num="184" type="stmt" count="0"/>
        <line num="185" type="stmt" count="0"/>
        <line num="187" type="stmt" count="0"/>
        <line num="188" type="stmt" count="0"/>
        <line num="189" type="stmt" count="0"/>
        <line num="190" type="stmt" count="0"/>
        <line num="191" type="stmt" count="1"/>
        <line num="192" type="stmt" count="1"/>
        <line num="193" type="stmt" count="1"/>
        <line num="194" type="stmt" count="1"/>
        <line num="197" type="method" name="getPages" visibility="public" complexity="1" crap="1" count="167"/>
        <line num="199" type="stmt" count="167"/>
        <line num="200" type="stmt" count="167"/>
        <line num="201" type="stmt" count="167"/>
        <line num="202" type="stmt" count="167"/>
        <line num="203" type="stmt" count="167"/>
        <metrics loc="206" ncloc="195" classes="1" methods="3" coveredmethods="2" conditionals="0" coveredconditionals="0" statements="142" coveredstatements="129" elements="145" coveredelements="131"/>
      </file>
      <file name="/home/runner/work/simova-farma-php-webscraping/simova-farma-php-webscraping/app/Filament/Resources/SystemLogResource.php">
        <class name="App\Filament\Resources\SystemLogResource" namespace="App\Filament\Resources">
          <metrics complexity="4" methods="4" coveredmethods="2" conditionals="0" coveredconditionals="0" statements="64" coveredstatements="55" elements="68" coveredelements="57"/>
        </class>
        <line num="29" type="method" name="form" visibility="public" complexity="1" crap="2" count="0"/>
        <line num="31" type="stmt" count="0"/>
        <line num="32" type="stmt" count="0"/>
        <line num="33" type="stmt" count="0"/>
        <line num="34" type="stmt" count="0"/>
        <line num="35" type="stmt" count="0"/>
        <line num="36" type="stmt" count="0"/>
        <line num="37" type="stmt" count="0"/>
        <line num="38" type="stmt" count="0"/>
        <line num="41" type="method" name="table" visibility="public" complexity="1" crap="1" count="1"/>
        <line num="43" type="stmt" count="1"/>
        <line num="44" type="stmt" count="1"/>
        <line num="45" type="stmt" count="1"/>
        <line num="46" type="stmt" count="1"/>
        <line num="47" type="stmt" count="1"/>
        <line num="48" type="stmt" count="1"/>
        <line num="49" type="stmt" count="1"/>
        <line num="50" type="stmt" count="1"/>
        <line num="51" type="stmt" count="1"/>
        <line num="52" type="stmt" count="1"/>
        <line num="54" type="stmt" count="1"/>
        <line num="55" type="stmt" count="1"/>
        <line num="56" type="stmt" count="1"/>
        <line num="57" type="stmt" count="1"/>
        <line num="59" type="stmt" count="1"/>
        <line num="60" type="stmt" count="1"/>
        <line num="61" type="stmt" count="1"/>
        <line num="62" type="stmt" count="1"/>
        <line num="63" type="stmt" count="1"/>
        <line num="65" type="stmt" count="1"/>
        <line num="66" type="stmt" count="1"/>
        <line num="67" type="stmt" count="1"/>
        <line num="69" type="stmt" count="1"/>
        <line num="70" type="stmt" count="1"/>
        <line num="71" type="stmt" count="1"/>
        <line num="73" type="stmt" count="1"/>
        <line num="74" type="stmt" count="1"/>
        <line num="75" type="stmt" count="1"/>
        <line num="76" type="stmt" count="1"/>
        <line num="77" type="stmt" count="1"/>
        <line num="78" type="stmt" count="1"/>
        <line num="79" type="stmt" count="1"/>
        <line num="80" type="stmt" count="1"/>
        <line num="81" type="stmt" count="1"/>
        <line num="82" type="stmt" count="1"/>
        <line num="83" type="stmt" count="1"/>
        <line num="84" type="stmt" count="1"/>
        <line num="85" type="stmt" count="1"/>
        <line num="87" type="stmt" count="1"/>
        <line num="88" type="stmt" count="1"/>
        <line num="89" type="stmt" count="1"/>
        <line num="90" type="stmt" count="1"/>
        <line num="91" type="stmt" count="1"/>
        <line num="92" type="stmt" count="1"/>
        <line num="93" type="stmt" count="1"/>
        <line num="94" type="stmt" count="1"/>
        <line num="95" type="stmt" count="1"/>
        <line num="96" type="stmt" count="1"/>
        <line num="97" type="stmt" count="1"/>
        <line num="98" type="stmt" count="1"/>
        <line num="99" type="stmt" count="1"/>
        <line num="100" type="stmt" count="1"/>
        <line num="103" type="method" name="canCreate" visibility="public" complexity="1" crap="2" count="0"/>
        <line num="105" type="stmt" count="0"/>
        <line num="108" type="method" name="getPages" visibility="public" complexity="1" crap="1" count="167"/>
        <line num="110" type="stmt" count="167"/>
        <line num="111" type="stmt" count="167"/>
        <line num="112" type="stmt" count="167"/>
        <metrics loc="115" ncloc="109" classes="1" methods="4" coveredmethods="2" conditionals="0" coveredconditionals="0" statements="64" coveredstatements="55" elements="68" coveredelements="57"/>
      </file>
      <file name="/home/runner/work/simova-farma-php-webscraping/simova-farma-php-webscraping/app/Filament/Resources/UserResource.php">
        <class name="App\Filament\Resources\UserResource" namespace="App\Filament\Resources">
          <metrics complexity="12" methods="4" coveredmethods="3" conditionals="0" coveredconditionals="0" statements="176" coveredstatements="162" elements="180" coveredelements="165"/>
        </class>
        <line num="35" type="method" name="form" visibility="public" complexity="2" crap="2" count="2"/>
        <line num="37" type="stmt" count="2"/>
        <line num="38" type="stmt" count="2"/>
        <line num="39" type="stmt" count="2"/>
        <line num="40" type="stmt" count="2"/>
        <line num="41" type="stmt" count="2"/>
        <line num="42" type="stmt" count="2"/>
        <line num="44" type="stmt" count="2"/>
        <line num="45" type="stmt" count="2"/>
        <line num="46" type="stmt" count="2"/>
        <line num="47" type="stmt" count="2"/>
        <line num="48" type="stmt" count="2"/>
        <line num="49" type="stmt" count="2"/>
        <line num="51" type="stmt" count="2"/>
        <line num="52" type="stmt" count="2"/>
        <line num="53" type="stmt" count="2"/>
        <line num="54" type="stmt" count="2"/>
        <line num="55" type="stmt" count="2"/>
        <line num="56" type="stmt" count="2"/>
        <line num="57" type="stmt" count="2"/>
        <line num="58" type="stmt" count="2"/>
        <line num="60" type="stmt" count="2"/>
        <line num="61" type="stmt" count="2"/>
        <line num="62" type="stmt" count="2"/>
        <line num="63" type="stmt" count="2"/>
        <line num="64" type="stmt" count="2"/>
        <line num="65" type="stmt" count="2"/>
        <line num="66" type="stmt" count="2"/>
        <line num="67" type="stmt" count="2"/>
        <line num="68" type="stmt" count="2"/>
        <line num="70" type="stmt" count="2"/>
        <line num="71" type="stmt" count="2"/>
        <line num="72" type="stmt" count="2"/>
        <line num="73" type="stmt" count="2"/>
        <line num="74" type="stmt" count="2"/>
        <line num="75" type="stmt" count="2"/>
        <line num="76" type="stmt" count="2"/>
        <line num="77" type="stmt" count="2"/>
        <line num="78" type="stmt" count="2"/>
        <line num="79" type="stmt" count="2"/>
        <line num="80" type="stmt" count="2"/>
        <line num="81" type="stmt" count="2"/>
        <line num="83" type="stmt" count="2"/>
        <line num="84" type="stmt" count="2"/>
        <line num="85" type="stmt" count="2"/>
        <line num="86" type="stmt" count="2"/>
        <line num="87" type="stmt" count="2"/>
        <line num="89" type="stmt" count="2"/>
        <line num="90" type="stmt" count="2"/>
        <line num="91" type="stmt" count="2"/>
        <line num="92" type="stmt" count="2"/>
        <line num="93" type="stmt" count="2"/>
        <line num="95" type="stmt" count="2"/>
        <line num="96" type="stmt" count="2"/>
        <line num="97" type="stmt" count="2"/>
        <line num="98" type="stmt" count="2"/>
        <line num="99" type="stmt" count="2"/>
        <line num="101" type="stmt" count="2"/>
        <line num="102" type="stmt" count="2"/>
        <line num="103" type="stmt" count="2"/>
        <line num="104" type="stmt" count="2"/>
        <line num="105" type="stmt" count="2"/>
        <line num="107" type="stmt" count="2"/>
        <line num="108" type="stmt" count="2"/>
        <line num="109" type="stmt" count="2"/>
        <line num="110" type="stmt" count="2"/>
        <line num="112" type="stmt" count="2"/>
        <line num="113" type="stmt" count="2"/>
        <line num="114" type="stmt" count="2"/>
        <line num="115" type="stmt" count="2"/>
        <line num="117" type="stmt" count="2"/>
        <line num="118" type="stmt" count="2"/>
        <line num="119" type="stmt" count="2"/>
        <line num="120" type="stmt" count="2"/>
        <line num="122" type="stmt" count="2"/>
        <line num="123" type="stmt" count="2"/>
        <line num="124" type="stmt" count="2"/>
        <line num="125" type="stmt" count="2"/>
        <line num="126" type="stmt" count="2"/>
        <line num="127" type="stmt" count="2"/>
        <line num="134" type="method" name="table" visibility="public" complexity="8" crap="8.23" count="1"/>
        <line num="136" type="stmt" count="1"/>
        <line num="137" type="stmt" count="1"/>
        <line num="138" type="stmt" count="1"/>
        <line num="139" type="stmt" count="1"/>
        <line num="140" type="stmt" count="1"/>
        <line num="141" type="stmt" count="1"/>
        <line num="143" type="stmt" count="1"/>
        <line num="144" type="stmt" count="1"/>
        <line num="145" type="stmt" count="1"/>
        <line num="147" type="stmt" count="1"/>
        <line num="148" type="stmt" count="1"/>
        <line num="149" type="stmt" count="1"/>
        <line num="150" type="stmt" count="1"/>
        <line num="151" type="stmt" count="1"/>
        <line num="152" type="stmt" count="1"/>
        <line num="153" type="stmt" count="1"/>
        <line num="154" type="stmt" count="1"/>
        <line num="155" type="stmt" count="1"/>
        <line num="156" type="stmt" count="1"/>
        <line num="157" type="stmt" count="0"/>
        <line num="158" type="stmt" count="0"/>
        <line num="159" type="stmt" count="1"/>
        <line num="160" type="stmt" count="0"/>
        <line num="161" type="stmt" count="0"/>
        <line num="162" type="stmt" count="1"/>
        <line num="163" type="stmt" count="1"/>
        <line num="165" type="stmt" count="1"/>
        <line num="166" type="stmt" count="1"/>
        <line num="167" type="stmt" count="1"/>
        <line num="168" type="stmt" count="1"/>
        <line num="169" type="stmt" count="1"/>
        <line num="171" type="stmt" count="1"/>
        <line num="172" type="stmt" count="1"/>
        <line num="173" type="stmt" count="1"/>
        <line num="174" type="stmt" count="1"/>
        <line num="176" type="stmt" count="1"/>
        <line num="177" type="stmt" count="1"/>
        <line num="178" type="stmt" count="1"/>
        <line num="179" type="stmt" count="1"/>
        <line num="180" type="stmt" count="1"/>
        <line num="182" type="stmt" count="1"/>
        <line num="183" type="stmt" count="1"/>
        <line num="184" type="stmt" count="1"/>
        <line num="185" type="stmt" count="1"/>
        <line num="186" type="stmt" count="1"/>
        <line num="187" type="stmt" count="1"/>
        <line num="188" type="stmt" count="1"/>
        <line num="189" type="stmt" count="1"/>
        <line num="190" type="stmt" count="1"/>
        <line num="191" type="stmt" count="1"/>
        <line num="192" type="stmt" count="1"/>
        <line num="193" type="stmt" count="1"/>
        <line num="194" type="stmt" count="1"/>
        <line num="195" type="stmt" count="1"/>
        <line num="196" type="stmt" count="1"/>
        <line num="197" type="stmt" count="1"/>
        <line num="199" type="stmt" count="1"/>
        <line num="200" type="stmt" count="1"/>
        <line num="201" type="stmt" count="1"/>
        <line num="202" type="stmt" count="1"/>
        <line num="203" type="stmt" count="1"/>
        <line num="204" type="stmt" count="1"/>
        <line num="205" type="stmt" count="1"/>
        <line num="206" type="stmt" count="1"/>
        <line num="207" type="stmt" count="1"/>
        <line num="210" type="stmt" count="1"/>
        <line num="211" type="stmt" count="1"/>
        <line num="212" type="stmt" count="1"/>
        <line num="213" type="stmt" count="1"/>
        <line num="214" type="stmt" count="1"/>
        <line num="215" type="stmt" count="0"/>
        <line num="216" type="stmt" count="0"/>
        <line num="217" type="stmt" count="0"/>
        <line num="218" type="stmt" count="0"/>
        <line num="220" type="stmt" count="0"/>
        <line num="221" type="stmt" count="0"/>
        <line num="222" type="stmt" count="0"/>
        <line num="223" type="stmt" count="0"/>
        <line num="224" type="stmt" count="0"/>
        <line num="225" type="stmt" count="0"/>
        <line num="226" type="stmt" count="1"/>
        <line num="227" type="stmt" count="1"/>
        <line num="228" type="stmt" count="1"/>
        <line num="229" type="stmt" count="1"/>
        <line num="230" type="stmt" count="1"/>
        <line num="231" type="stmt" count="1"/>
        <line num="232" type="stmt" count="1"/>
        <line num="233" type="stmt" count="1"/>
        <line num="234" type="stmt" count="1"/>
        <line num="235" type="stmt" count="1"/>
        <line num="236" type="stmt" count="1"/>
        <line num="243" type="method" name="getRelations" visibility="public" complexity="1" crap="1" count="167"/>
        <line num="245" type="stmt" count="167"/>
        <line num="248" type="method" name="getPages" visibility="public" complexity="1" crap="1" count="167"/>
        <line num="250" type="stmt" count="167"/>
        <line num="251" type="stmt" count="167"/>
        <line num="252" type="stmt" count="167"/>
        <line num="253" type="stmt" count="167"/>
        <line num="254" type="stmt" count="167"/>
        <metrics loc="257" ncloc="241" classes="1" methods="4" coveredmethods="3" conditionals="0" coveredconditionals="0" statements="176" coveredstatements="162" elements="180" coveredelements="165"/>
      </file>
    </package>
    <package name="App\Filament\Resources\ArticleResource\Pages">
      <file name="/home/runner/work/simova-farma-php-webscraping/simova-farma-php-webscraping/app/Filament/Resources/ArticleResource/Pages/CreateArticle.php">
        <class name="App\Filament\Resources\ArticleResource\Pages\CreateArticle" namespace="App\Filament\Resources\ArticleResource\Pages">
          <metrics complexity="0" methods="0" coveredmethods="0" conditionals="0" coveredconditionals="0" statements="0" coveredstatements="0" elements="0" coveredelements="0"/>
        </class>
        <metrics loc="12" ncloc="12" classes="0" methods="0" coveredmethods="0" conditionals="0" coveredconditionals="0" statements="0" coveredstatements="0" elements="0" coveredelements="0"/>
      </file>
      <file name="/home/runner/work/simova-farma-php-webscraping/simova-farma-php-webscraping/app/Filament/Resources/ArticleResource/Pages/EditArticle.php">
        <class name="App\Filament\Resources\ArticleResource\Pages\EditArticle" namespace="App\Filament\Resources\ArticleResource\Pages">
          <metrics complexity="1" methods="1" coveredmethods="1" conditionals="0" coveredconditionals="0" statements="3" coveredstatements="3" elements="4" coveredelements="4"/>
        </class>
        <line num="13" type="method" name="getHeaderActions" visibility="protected" complexity="1" crap="1" count="1"/>
        <line num="15" type="stmt" count="1"/>
        <line num="16" type="stmt" count="1"/>
        <line num="17" type="stmt" count="1"/>
        <metrics loc="20" ncloc="20" classes="1" methods="1" coveredmethods="1" conditionals="0" coveredconditionals="0" statements="3" coveredstatements="3" elements="4" coveredelements="4"/>
      </file>
      <file name="/home/runner/work/simova-farma-php-webscraping/simova-farma-php-webscraping/app/Filament/Resources/ArticleResource/Pages/ListArticles.php">
        <class name="App\Filament\Resources\ArticleResource\Pages\ListArticles" namespace="App\Filament\Resources\ArticleResource\Pages">
          <metrics complexity="1" methods="1" coveredmethods="1" conditionals="0" coveredconditionals="0" statements="3" coveredstatements="3" elements="4" coveredelements="4"/>
        </class>
        <line num="13" type="method" name="getHeaderActions" visibility="protected" complexity="1" crap="1" count="1"/>
        <line num="15" type="stmt" count="1"/>
        <line num="16" type="stmt" count="1"/>
        <line num="17" type="stmt" count="1"/>
        <metrics loc="20" ncloc="20" classes="1" methods="1" coveredmethods="1" conditionals="0" coveredconditionals="0" statements="3" coveredstatements="3" elements="4" coveredelements="4"/>
      </file>
    </package>
    <package name="App\Filament\Resources\BlogPostResource\Pages">
      <file name="/home/runner/work/simova-farma-php-webscraping/simova-farma-php-webscraping/app/Filament/Resources/BlogPostResource/Pages/CreateBlogPost.php">
        <class name="App\Filament\Resources\BlogPostResource\Pages\CreateBlogPost" namespace="App\Filament\Resources\BlogPostResource\Pages">
          <metrics complexity="0" methods="0" coveredmethods="0" conditionals="0" coveredconditionals="0" statements="0" coveredstatements="0" elements="0" coveredelements="0"/>
        </class>
        <metrics loc="6" ncloc="6" classes="0" methods="0" coveredmethods="0" conditionals="0" coveredconditionals="0" statements="0" coveredstatements="0" elements="0" coveredelements="0"/>
      </file>
      <file name="/home/runner/work/simova-farma-php-webscraping/simova-farma-php-webscraping/app/Filament/Resources/BlogPostResource/Pages/EditBlogPost.php">
        <class name="App\Filament\Resources\BlogPostResource\Pages\EditBlogPost" namespace="App\Filament\Resources\BlogPostResource\Pages">
          <metrics complexity="1" methods="1" coveredmethods="1" conditionals="0" coveredconditionals="0" statements="1" coveredstatements="1" elements="2" coveredelements="2"/>
        </class>
        <line num="8" type="method" name="getHeaderActions" visibility="protected" complexity="1" crap="1" count="1"/>
        <metrics loc="10" ncloc="10" classes="1" methods="1" coveredmethods="1" conditionals="0" coveredconditionals="0" statements="1" coveredstatements="1" elements="2" coveredelements="2"/>
      </file>
      <file name="/home/runner/work/simova-farma-php-webscraping/simova-farma-php-webscraping/app/Filament/Resources/BlogPostResource/Pages/ListBlogPosts.php">
        <class name="App\Filament\Resources\BlogPostResource\Pages\ListBlogPosts" namespace="App\Filament\Resources\BlogPostResource\Pages">
          <metrics complexity="1" methods="1" coveredmethods="1" conditionals="0" coveredconditionals="0" statements="1" coveredstatements="1" elements="2" coveredelements="2"/>
        </class>
        <line num="8" type="method" name="getHeaderActions" visibility="protected" complexity="1" crap="1" count="1"/>
        <metrics loc="10" ncloc="10" classes="1" methods="1" coveredmethods="1" conditionals="0" coveredconditionals="0" statements="1" coveredstatements="1" elements="2" coveredelements="2"/>
      </file>
    </package>
    <package name="App\Filament\Resources\EditorialPostResource\Pages">
      <file name="/home/runner/work/simova-farma-php-webscraping/simova-farma-php-webscraping/app/Filament/Resources/EditorialPostResource/Pages/CreateEditorialPost.php">
        <class name="App\Filament\Resources\EditorialPostResource\Pages\CreateEditorialPost" namespace="App\Filament\Resources\EditorialPostResource\Pages">
          <metrics complexity="0" methods="0" coveredmethods="0" conditionals="0" coveredconditionals="0" statements="0" coveredstatements="0" elements="0" coveredelements="0"/>
        </class>
        <metrics loc="12" ncloc="12" classes="0" methods="0" coveredmethods="0" conditionals="0" coveredconditionals="0" statements="0" coveredstatements="0" elements="0" coveredelements="0"/>
      </file>
      <file name="/home/runner/work/simova-farma-php-webscraping/simova-farma-php-webscraping/app/Filament/Resources/EditorialPostResource/Pages/EditEditorialPost.php">
        <class name="App\Filament\Resources\EditorialPostResource\Pages\EditEditorialPost" namespace="App\Filament\Resources\EditorialPostResource\Pages">
          <metrics complexity="1" methods="1" coveredmethods="1" conditionals="0" coveredconditionals="0" statements="3" coveredstatements="3" elements="4" coveredelements="4"/>
        </class>
        <line num="13" type="method" name="getHeaderActions" visibility="protected" complexity="1" crap="1" count="1"/>
        <line num="15" type="stmt" count="1"/>
        <line num="16" type="stmt" count="1"/>
        <line num="17" type="stmt" count="1"/>
        <metrics loc="20" ncloc="20" classes="1" methods="1" coveredmethods="1" conditionals="0" coveredconditionals="0" statements="3" coveredstatements="3" elements="4" coveredelements="4"/>
      </file>
      <file name="/home/runner/work/simova-farma-php-webscraping/simova-farma-php-webscraping/app/Filament/Resources/EditorialPostResource/Pages/ListEditorialPosts.php">
        <class name="App\Filament\Resources\EditorialPostResource\Pages\ListEditorialPosts" namespace="App\Filament\Resources\EditorialPostResource\Pages">
          <metrics complexity="1" methods="1" coveredmethods="1" conditionals="0" coveredconditionals="0" statements="3" coveredstatements="3" elements="4" coveredelements="4"/>
        </class>
        <line num="13" type="method" name="getHeaderActions" visibility="protected" complexity="1" crap="1" count="1"/>
        <line num="15" type="stmt" count="1"/>
        <line num="16" type="stmt" count="1"/>
        <line num="17" type="stmt" count="1"/>
        <metrics loc="20" ncloc="20" classes="1" methods="1" coveredmethods="1" conditionals="0" coveredconditionals="0" statements="3" coveredstatements="3" elements="4" coveredelements="4"/>
      </file>
    </package>
    <package name="App\Filament\Resources\SystemLogResource\Pages">
      <file name="/home/runner/work/simova-farma-php-webscraping/simova-farma-php-webscraping/app/Filament/Resources/SystemLogResource/Pages/ListSystemLogs.php">
        <class name="App\Filament\Resources\SystemLogResource\Pages\ListSystemLogs" namespace="App\Filament\Resources\SystemLogResource\Pages">
          <metrics complexity="0" methods="0" coveredmethods="0" conditionals="0" coveredconditionals="0" statements="0" coveredstatements="0" elements="0" coveredelements="0"/>
        </class>
        <metrics loc="6" ncloc="6" classes="0" methods="0" coveredmethods="0" conditionals="0" coveredconditionals="0" statements="0" coveredstatements="0" elements="0" coveredelements="0"/>
      </file>
    </package>
    <package name="App\Filament\Resources\UserResource\Pages">
      <file name="/home/runner/work/simova-farma-php-webscraping/simova-farma-php-webscraping/app/Filament/Resources/UserResource/Pages/CreateUser.php">
        <class name="App\Filament\Resources\UserResource\Pages\CreateUser" namespace="App\Filament\Resources\UserResource\Pages">
          <metrics complexity="0" methods="0" coveredmethods="0" conditionals="0" coveredconditionals="0" statements="0" coveredstatements="0" elements="0" coveredelements="0"/>
        </class>
        <metrics loc="12" ncloc="12" classes="0" methods="0" coveredmethods="0" conditionals="0" coveredconditionals="0" statements="0" coveredstatements="0" elements="0" coveredelements="0"/>
      </file>
      <file name="/home/runner/work/simova-farma-php-webscraping/simova-farma-php-webscraping/app/Filament/Resources/UserResource/Pages/EditUser.php">
        <class name="App\Filament\Resources\UserResource\Pages\EditUser" namespace="App\Filament\Resources\UserResource\Pages">
          <metrics complexity="1" methods="1" coveredmethods="1" conditionals="0" coveredconditionals="0" statements="3" coveredstatements="3" elements="4" coveredelements="4"/>
        </class>
        <line num="13" type="method" name="getHeaderActions" visibility="protected" complexity="1" crap="1" count="1"/>
        <line num="15" type="stmt" count="1"/>
        <line num="16" type="stmt" count="1"/>
        <line num="17" type="stmt" count="1"/>
        <metrics loc="20" ncloc="20" classes="1" methods="1" coveredmethods="1" conditionals="0" coveredconditionals="0" statements="3" coveredstatements="3" elements="4" coveredelements="4"/>
      </file>
      <file name="/home/runner/work/simova-farma-php-webscraping/simova-farma-php-webscraping/app/Filament/Resources/UserResource/Pages/ListUsers.php">
        <class name="App\Filament\Resources\UserResource\Pages\ListUsers" namespace="App\Filament\Resources\UserResource\Pages">
          <metrics complexity="1" methods="1" coveredmethods="1" conditionals="0" coveredconditionals="0" statements="3" coveredstatements="3" elements="4" coveredelements="4"/>
        </class>
        <line num="13" type="method" name="getHeaderActions" visibility="protected" complexity="1" crap="1" count="1"/>
        <line num="15" type="stmt" count="1"/>
        <line num="16" type="stmt" count="1"/>
        <line num="17" type="stmt" count="1"/>
        <metrics loc="20" ncloc="20" classes="1" methods="1" coveredmethods="1" conditionals="0" coveredconditionals="0" statements="3" coveredstatements="3" elements="4" coveredelements="4"/>
      </file>
    </package>
    <package name="App\Http\Controllers">
      <file name="/home/runner/work/simova-farma-php-webscraping/simova-farma-php-webscraping/app/Http/Controllers/Controller.php">
        <class name="App\Http\Controllers\Controller" namespace="App\Http\Controllers">
          <metrics complexity="0" methods="0" coveredmethods="0" conditionals="0" coveredconditionals="0" statements="0" coveredstatements="0" elements="0" coveredelements="0"/>
        </class>
        <metrics loc="9" ncloc="8" classes="0" methods="0" coveredmethods="0" conditionals="0" coveredconditionals="0" statements="0" coveredstatements="0" elements="0" coveredelements="0"/>
      </file>
      <file name="/home/runner/work/simova-farma-php-webscraping/simova-farma-php-webscraping/app/Http/Controllers/MercadoPagoWebhookController.php">
        <class name="App\Http\Controllers\MercadoPagoWebhookController" namespace="App\Http\Controllers">
          <metrics complexity="4" methods="2" coveredmethods="1" conditionals="0" coveredconditionals="0" statements="28" coveredstatements="19" elements="30" coveredelements="20"/>
        </class>
        <line num="29" type="method" name="__construct" visibility="public" complexity="1" crap="1" count="12"/>
        <line num="31" type="stmt" count="12"/>
        <line num="36" type="method" name="handle" visibility="public" complexity="3" crap="3.33" count="12"/>
        <line num="38" type="stmt" count="12"/>
        <line num="39" type="stmt" count="12"/>
        <line num="40" type="stmt" count="12"/>
        <line num="43" type="stmt" count="12"/>
        <line num="46" type="stmt" count="12"/>
        <line num="47" type="stmt" count="3"/>
        <line num="48" type="stmt" count="3"/>
        <line num="49" type="stmt" count="3"/>
        <line num="50" type="stmt" count="3"/>
        <line num="51" type="stmt" count="3"/>
        <line num="53" type="stmt" count="3"/>
        <line num="54" type="stmt" count="3"/>
        <line num="55" type="stmt" count="3"/>
        <line num="56" type="stmt" count="3"/>
        <line num="58" type="stmt" count="3"/>
        <line num="61" type="stmt" count="9"/>
        <line num="64" type="stmt" count="9"/>
        <line num="65" type="stmt" count="0"/>
        <line num="66" type="stmt" count="0"/>
        <line num="67" type="stmt" count="0"/>
        <line num="68" type="stmt" count="0"/>
        <line num="70" type="stmt" count="0"/>
        <line num="71" type="stmt" count="0"/>
        <line num="72" type="stmt" count="0"/>
        <line num="73" type="stmt" count="0"/>
        <line num="76" type="stmt" count="0"/>
        <line num="79" type="stmt" count="9"/>
        <metrics loc="82" ncloc="59" classes="1" methods="2" coveredmethods="1" conditionals="0" coveredconditionals="0" statements="28" coveredstatements="19" elements="30" coveredelements="20"/>
      </file>
      <file name="/home/runner/work/simova-farma-php-webscraping/simova-farma-php-webscraping/app/Http/Controllers/SubscriptionController.php">
        <class name="App\Http\Controllers\SubscriptionController" namespace="App\Http\Controllers">
          <metrics complexity="4" methods="3" coveredmethods="3" conditionals="0" coveredconditionals="0" statements="9" coveredstatements="9" elements="12" coveredelements="12"/>
        </class>
        <line num="20" type="method" name="__construct" visibility="public" complexity="1" crap="1" count="9"/>
        <line num="22" type="stmt" count="9"/>
        <line num="30" type="method" name="assinar" visibility="public" complexity="1" crap="1" count="4"/>
        <line num="33" type="stmt" count="4"/>
        <line num="34" type="stmt" count="4"/>
        <line num="36" type="stmt" count="4"/>
        <line num="45" type="method" name="obrigado" visibility="public" complexity="2" crap="2" count="5"/>
        <line num="47" type="stmt" count="5"/>
        <line num="49" type="stmt" count="5"/>
        <line num="50" type="stmt" count="5"/>
        <line num="51" type="stmt" count="5"/>
        <line num="52" type="stmt" count="5"/>
        <metrics loc="55" ncloc="35" classes="1" methods="3" coveredmethods="3" conditionals="0" coveredconditionals="0" statements="9" coveredstatements="9" elements="12" coveredelements="12"/>
      </file>
      <file name="/home/runner/work/simova-farma-php-webscraping/simova-farma-php-webscraping/app/Http/Controllers/TelegramWebhookController.php">
        <class name="App\Http\Controllers\TelegramWebhookController" namespace="App\Http\Controllers">
          <metrics complexity="20" methods="7" coveredmethods="6" conditionals="0" coveredconditionals="0" statements="89" coveredstatements="87" elements="96" coveredelements="93"/>
        </class>
        <line num="28" type="method" name="__construct" visibility="public" complexity="1" crap="1" count="14"/>
        <line num="30" type="stmt" count="14"/>
        <line num="40" type="method" name="handle" visibility="public" complexity="4" crap="4.18" count="14"/>
        <line num="42" type="stmt" count="14"/>
        <line num="45" type="stmt" count="14"/>
        <line num="49" type="stmt" count="14"/>
        <line num="50" type="stmt" count="11"/>
        <line num="54" type="stmt" count="14"/>
        <line num="55" type="stmt" count="14"/>
        <line num="57" type="stmt" count="0"/>
        <line num="58" type="stmt" count="0"/>
        <line num="62" type="stmt" count="14"/>
        <line num="69" type="method" name="handleMessage" visibility="private" complexity="5" crap="5" count="11"/>
        <line num="71" type="stmt" count="11"/>
        <line num="72" type="stmt" count="11"/>
        <line num="73" type="stmt" count="11"/>
        <line num="75" type="stmt" count="11"/>
        <line num="76" type="stmt" count="1"/>
        <line num="79" type="stmt" count="10"/>
        <line num="80" type="stmt" count="10"/>
        <line num="81" type="stmt" count="10"/>
        <line num="84" type="stmt" count="10"/>
        <line num="85" type="stmt" count="7"/>
        <line num="86" type="stmt" count="7"/>
        <line num="90" type="stmt" count="3"/>
        <line num="91" type="stmt" count="2"/>
        <line num="92" type="stmt" count="2"/>
        <line num="96" type="stmt" count="1"/>
        <line num="97" type="stmt" count="1"/>
        <line num="98" type="stmt" count="1"/>
        <line num="99" type="stmt" count="1"/>
        <line num="108" type="method" name="handleStartCommand" visibility="private" complexity="4" crap="4" count="7"/>
        <line num="116" type="stmt" count="7"/>
        <line num="117" type="stmt" count="7"/>
        <line num="120" type="stmt" count="7"/>
        <line num="122" type="stmt" count="7"/>
        <line num="123" type="stmt" count="1"/>
        <line num="124" type="stmt" count="1"/>
        <line num="125" type="stmt" count="1"/>
        <line num="126" type="stmt" count="1"/>
        <line num="127" type="stmt" count="1"/>
        <line num="128" type="stmt" count="1"/>
        <line num="131" type="stmt" count="6"/>
        <line num="132" type="stmt" count="5"/>
        <line num="135" type="stmt" count="1"/>
        <line num="136" type="stmt" count="1"/>
        <line num="137" type="stmt" count="1"/>
        <line num="138" type="stmt" count="1"/>
        <line num="139" type="stmt" count="1"/>
        <line num="140" type="stmt" count="1"/>
        <line num="141" type="stmt" count="1"/>
        <line num="151" type="method" name="handleTokenLinking" visibility="private" complexity="3" crap="3" count="5"/>
        <line num="158" type="stmt" count="5"/>
        <line num="159" type="stmt" count="5"/>
        <line num="160" type="stmt" count="5"/>
        <line num="162" type="stmt" count="5"/>
        <line num="163" type="stmt" count="2"/>
        <line num="164" type="stmt" count="2"/>
        <line num="165" type="stmt" count="2"/>
        <line num="166" type="stmt" count="2"/>
        <line num="167" type="stmt" count="2"/>
        <line num="168" type="stmt" count="2"/>
        <line num="172" type="stmt" count="3"/>
        <line num="175" type="stmt" count="3"/>
        <line num="176" type="stmt" count="2"/>
        <line num="179" type="stmt" count="3"/>
        <line num="180" type="stmt" count="3"/>
        <line num="181" type="stmt" count="3"/>
        <line num="182" type="stmt" count="3"/>
        <line num="183" type="stmt" count="3"/>
        <line num="185" type="stmt" count="3"/>
        <line num="186" type="stmt" count="3"/>
        <line num="187" type="stmt" count="3"/>
        <line num="188" type="stmt" count="3"/>
        <line num="189" type="stmt" count="3"/>
        <line num="190" type="stmt" count="3"/>
        <line num="191" type="stmt" count="3"/>
        <line num="192" type="stmt" count="3"/>
        <line num="193" type="stmt" count="3"/>
        <line num="194" type="stmt" count="3"/>
        <line num="197" type="method" name="sendHelpMessage" visibility="private" complexity="1" crap="1" count="2"/>
        <line num="199" type="stmt" count="2"/>
        <line num="200" type="stmt" count="2"/>
        <line num="201" type="stmt" count="2"/>
        <line num="202" type="stmt" count="2"/>
        <line num="203" type="stmt" count="2"/>
        <line num="204" type="stmt" count="2"/>
        <line num="205" type="stmt" count="2"/>
        <line num="206" type="stmt" count="2"/>
        <line num="209" type="method" name="handleCallbackQuery" visibility="private" complexity="2" crap="2" count="1"/>
        <line num="212" type="stmt" count="1"/>
        <line num="213" type="stmt" count="1"/>
        <line num="215" type="stmt" count="1"/>
        <line num="216" type="stmt" count="1"/>
        <line num="217" type="stmt" count="1"/>
        <line num="218" type="stmt" count="1"/>
        <metrics loc="222" ncloc="172" classes="1" methods="7" coveredmethods="6" conditionals="0" coveredconditionals="0" statements="89" coveredstatements="87" elements="96" coveredelements="93"/>
      </file>
    </package>
    <package name="App\Jobs">
      <file name="/home/runner/work/simova-farma-php-webscraping/simova-farma-php-webscraping/app/Jobs/SendDailyDigestJob.php">
        <class name="App\Jobs\SendDailyDigestJob" namespace="App\Jobs">
          <metrics complexity="5" methods="2" coveredmethods="2" conditionals="0" coveredconditionals="0" statements="34" coveredstatements="34" elements="36" coveredelements="36"/>
        </class>
        <line num="33" type="method" name="handle" visibility="public" complexity="4" crap="4" count="8"/>
        <line num="36" type="stmt" count="8"/>
        <line num="37" type="stmt" count="8"/>
        <line num="38" type="stmt" count="8"/>
        <line num="39" type="stmt" count="8"/>
        <line num="41" type="stmt" count="8"/>
        <line num="42" type="stmt" count="2"/>
        <line num="43" type="stmt" count="2"/>
        <line num="47" type="stmt" count="6"/>
        <line num="48" type="stmt" count="6"/>
        <line num="49" type="stmt" count="6"/>
        <line num="50" type="stmt" count="6"/>
        <line num="51" type="stmt" count="6"/>
        <line num="52" type="stmt" count="6"/>
        <line num="54" type="stmt" count="6"/>
        <line num="55" type="stmt" count="6"/>
        <line num="56" type="stmt" count="6"/>
        <line num="57" type="stmt" count="6"/>
        <line num="60" type="stmt" count="6"/>
        <line num="62" type="stmt" count="6"/>
        <line num="63" type="stmt" count="1"/>
        <line num="64" type="stmt" count="1"/>
        <line num="68" type="stmt" count="5"/>
        <line num="69" type="stmt" count="5"/>
        <line num="70" type="stmt" count="5"/>
        <line num="71" type="stmt" count="5"/>
        <line num="75" type="stmt" count="5"/>
        <line num="76" type="stmt" count="5"/>
        <line num="78" type="stmt" count="5"/>
        <line num="79" type="stmt" count="5"/>
        <line num="80" type="stmt" count="5"/>
        <line num="81" type="stmt" count="5"/>
        <line num="84" type="method" name="failed" visibility="public" complexity="1" crap="1" count="1"/>
        <line num="86" type="stmt" count="1"/>
        <line num="87" type="stmt" count="1"/>
        <line num="88" type="stmt" count="1"/>
        <metrics loc="91" ncloc="74" classes="1" methods="2" coveredmethods="2" conditionals="0" coveredconditionals="0" statements="34" coveredstatements="34" elements="36" coveredelements="36"/>
      </file>
      <file name="/home/runner/work/simova-farma-php-webscraping/simova-farma-php-webscraping/app/Jobs/SendEditorialPostsJob.php">
        <class name="App\Jobs\SendEditorialPostsJob" namespace="App\Jobs">
          <metrics complexity="7" methods="2" coveredmethods="2" conditionals="0" coveredconditionals="0" statements="24" coveredstatements="24" elements="26" coveredelements="26"/>
        </class>
        <line num="34" type="method" name="handle" visibility="public" complexity="6" crap="6" count="10"/>
        <line num="37" type="stmt" count="10"/>
        <line num="39" type="stmt" count="10"/>
        <line num="40" type="stmt" count="3"/>
        <line num="44" type="stmt" count="7"/>
        <line num="46" type="stmt" count="7"/>
        <line num="47" type="stmt" count="1"/>
        <line num="48" type="stmt" count="1"/>
        <line num="51" type="stmt" count="6"/>
        <line num="52" type="stmt" count="6"/>
        <line num="54" type="stmt" count="6"/>
        <line num="55" type="stmt" count="1"/>
        <line num="56" type="stmt" count="1"/>
        <line num="60" type="stmt" count="5"/>
        <line num="61" type="stmt" count="5"/>
        <line num="62" type="stmt" count="5"/>
        <line num="66" type="stmt" count="5"/>
        <line num="68" type="stmt" count="5"/>
        <line num="69" type="stmt" count="5"/>
        <line num="70" type="stmt" count="5"/>
        <line num="71" type="stmt" count="5"/>
        <line num="72" type="stmt" count="5"/>
        <line num="76" type="method" name="failed" visibility="public" complexity="1" crap="1" count="1"/>
        <line num="78" type="stmt" count="1"/>
        <line num="79" type="stmt" count="1"/>
        <line num="80" type="stmt" count="1"/>
        <metrics loc="83" ncloc="65" classes="1" methods="2" coveredmethods="2" conditionals="0" coveredconditionals="0" statements="24" coveredstatements="24" elements="26" coveredelements="26"/>
      </file>
      <file name="/home/runner/work/simova-farma-php-webscraping/simova-farma-php-webscraping/app/Jobs/SendTelegramMessageJob.php">
        <class name="App\Jobs\SendTelegramMessageJob" namespace="App\Jobs">
          <metrics complexity="4" methods="3" coveredmethods="3" conditionals="0" coveredconditionals="0" statements="9" coveredstatements="9" elements="12" coveredelements="12"/>
        </class>
        <line num="39" type="method" name="__construct" visibility="public" complexity="1" crap="1" count="13"/>
        <line num="43" type="stmt" count="13"/>
        <line num="45" type="method" name="handle" visibility="public" complexity="2" crap="2" count="5"/>
        <line num="47" type="stmt" count="5"/>
        <line num="49" type="stmt" count="5"/>
        <line num="51" type="stmt" count="1"/>
        <line num="54" type="stmt" count="4"/>
        <line num="57" type="method" name="failed" visibility="public" complexity="1" crap="1" count="1"/>
        <line num="59" type="stmt" count="1"/>
        <line num="60" type="stmt" count="1"/>
        <line num="61" type="stmt" count="1"/>
        <line num="62" type="stmt" count="1"/>
        <metrics loc="65" ncloc="47" classes="1" methods="3" coveredmethods="3" conditionals="0" coveredconditionals="0" statements="9" coveredstatements="9" elements="12" coveredelements="12"/>
      </file>
    </package>
    <package name="App\Models">
      <file name="/home/runner/work/simova-farma-php-webscraping/simova-farma-php-webscraping/app/Models/Article.php">
        <class name="App\Models\Article" namespace="App\Models">
          <metrics complexity="5" methods="5" coveredmethods="4" conditionals="0" coveredconditionals="0" statements="16" coveredstatements="15" elements="21" coveredelements="19"/>
        </class>
        <line num="39" type="method" name="casts" visibility="protected" complexity="1" crap="1" count="16"/>
        <line num="41" type="stmt" count="16"/>
        <line num="42" type="stmt" count="16"/>
        <line num="43" type="stmt" count="16"/>
        <line num="44" type="stmt" count="16"/>
        <line num="45" type="stmt" count="16"/>
        <line num="46" type="stmt" count="16"/>
        <line num="47" type="stmt" count="16"/>
        <line num="54" type="method" name="editorialPosts" visibility="public" complexity="1" crap="2" count="0"/>
        <line num="56" type="stmt" count="0"/>
        <line num="64" type="method" name="scopeForDailyDigest" visibility="public" complexity="1" crap="1" count="11"/>
        <line num="66" type="stmt" count="11"/>
        <line num="67" type="stmt" count="11"/>
        <line num="68" type="stmt" count="11"/>
        <line num="72" type="method" name="scopeForAlert" visibility="public" complexity="1" crap="1" count="1"/>
        <line num="74" type="stmt" count="1"/>
        <line num="75" type="stmt" count="1"/>
        <line num="86" type="method" name="makeHash" visibility="public" complexity="1" crap="1" count="21"/>
        <line num="88" type="stmt" count="21"/>
        <line num="89" type="stmt" count="21"/>
        <line num="90" type="stmt" count="21"/>
        <metrics loc="93" ncloc="69" classes="1" methods="5" coveredmethods="4" conditionals="0" coveredconditionals="0" statements="16" coveredstatements="15" elements="21" coveredelements="19"/>
      </file>
      <file name="/home/runner/work/simova-farma-php-webscraping/simova-farma-php-webscraping/app/Models/BlogPost.php">
        <class name="App\Models\BlogPost" namespace="App\Models">
          <metrics complexity="8" methods="6" coveredmethods="6" conditionals="0" coveredconditionals="0" statements="22" coveredstatements="22" elements="28" coveredelements="28"/>
        </class>
        <line num="39" type="method" name="casts" visibility="protected" complexity="1" crap="1" count="11"/>
        <line num="41" type="stmt" count="11"/>
        <line num="42" type="stmt" count="11"/>
        <line num="43" type="stmt" count="11"/>
        <line num="44" type="stmt" count="11"/>
        <line num="51" type="method" name="author" visibility="public" complexity="1" crap="1" count="3"/>
        <line num="53" type="stmt" count="3"/>
        <line num="61" type="method" name="scopePublished" visibility="public" complexity="1" crap="1" count="2"/>
        <line num="63" type="stmt" count="2"/>
        <line num="64" type="stmt" count="2"/>
        <line num="65" type="stmt" count="2"/>
        <line num="66" type="stmt" count="2"/>
        <line num="67" type="stmt" count="2"/>
        <line num="70" type="method" name="scopeDraft" visibility="public" complexity="1" crap="1" count="1"/>
        <line num="72" type="stmt" count="1"/>
        <line num="79" type="method" name="booted" visibility="protected" complexity="2" crap="2" count="11"/>
        <line num="81" type="stmt" count="11"/>
        <line num="82" type="stmt" count="10"/>
        <line num="83" type="stmt" count="1"/>
        <line num="85" type="stmt" count="11"/>
        <line num="88" type="method" name="generateUniqueSlug" visibility="public" complexity="2" crap="2" count="3"/>
        <line num="90" type="stmt" count="3"/>
        <line num="91" type="stmt" count="3"/>
        <line num="92" type="stmt" count="3"/>
        <line num="94" type="stmt" count="3"/>
        <line num="95" type="stmt" count="1"/>
        <line num="96" type="stmt" count="1"/>
        <line num="99" type="stmt" count="3"/>
        <metrics loc="102" ncloc="81" classes="1" methods="6" coveredmethods="6" conditionals="0" coveredconditionals="0" statements="22" coveredstatements="22" elements="28" coveredelements="28"/>
      </file>
      <file name="/home/runner/work/simova-farma-php-webscraping/simova-farma-php-webscraping/app/Models/EditorialPost.php">
        <class name="App\Models\EditorialPost" namespace="App\Models">
          <metrics complexity="9" methods="8" coveredmethods="7" conditionals="0" coveredconditionals="0" statements="18" coveredstatements="17" elements="26" coveredelements="24"/>
        </class>
        <line num="37" type="method" name="casts" visibility="protected" complexity="1" crap="1" count="22"/>
        <line num="39" type="stmt" count="22"/>
        <line num="40" type="stmt" count="22"/>
        <line num="41" type="stmt" count="22"/>
        <line num="42" type="stmt" count="22"/>
        <line num="43" type="stmt" count="22"/>
        <line num="44" type="stmt" count="22"/>
        <line num="51" type="method" name="approvedBy" visibility="public" complexity="1" crap="2" count="0"/>
        <line num="53" type="stmt" count="0"/>
        <line num="56" type="method" name="article" visibility="public" complexity="1" crap="1" count="1"/>
        <line num="58" type="stmt" count="1"/>
        <line num="66" type="method" name="scopeReadyToSend" visibility="public" complexity="1" crap="1" count="11"/>
        <line num="68" type="stmt" count="11"/>
        <line num="69" type="stmt" count="11"/>
        <line num="73" type="method" name="scopeMorning" visibility="public" complexity="1" crap="1" count="1"/>
        <line num="75" type="stmt" count="1"/>
        <line num="79" type="method" name="scopeAfternoon" visibility="public" complexity="1" crap="1" count="1"/>
        <line num="81" type="stmt" count="1"/>
        <line num="89" type="method" name="getMessageText" visibility="public" complexity="2" crap="2" count="9"/>
        <line num="91" type="stmt" count="9"/>
        <line num="95" type="method" name="markAsSent" visibility="public" complexity="1" crap="1" count="7"/>
        <line num="97" type="stmt" count="7"/>
        <line num="98" type="stmt" count="7"/>
        <line num="99" type="stmt" count="7"/>
        <line num="100" type="stmt" count="7"/>
        <line num="101" type="stmt" count="7"/>
        <metrics loc="104" ncloc="79" classes="1" methods="8" coveredmethods="7" conditionals="0" coveredconditionals="0" statements="18" coveredstatements="17" elements="26" coveredelements="24"/>
      </file>
      <file name="/home/runner/work/simova-farma-php-webscraping/simova-farma-php-webscraping/app/Models/SystemLog.php">
        <class name="App\Models\SystemLog" namespace="App\Models">
          <metrics complexity="11" methods="8" coveredmethods="8" conditionals="0" coveredconditionals="0" statements="29" coveredstatements="29" elements="37" coveredelements="37"/>
        </class>
        <line num="35" type="method" name="casts" visibility="protected" complexity="1" crap="1" count="48"/>
        <line num="37" type="stmt" count="48"/>
        <line num="38" type="stmt" count="48"/>
        <line num="39" type="stmt" count="48"/>
        <line num="40" type="stmt" count="48"/>
        <line num="47" type="method" name="user" visibility="public" complexity="1" crap="1" count="2"/>
        <line num="49" type="stmt" count="2"/>
        <line num="56" type="method" name="info" visibility="public" complexity="2" crap="2" count="36"/>
        <line num="58" type="stmt" count="36"/>
        <line num="59" type="stmt" count="36"/>
        <line num="60" type="stmt" count="36"/>
        <line num="61" type="stmt" count="36"/>
        <line num="62" type="stmt" count="36"/>
        <line num="63" type="stmt" count="36"/>
        <line num="64" type="stmt" count="36"/>
        <line num="67" type="method" name="warning" visibility="public" complexity="2" crap="2" count="9"/>
        <line num="69" type="stmt" count="9"/>
        <line num="70" type="stmt" count="9"/>
        <line num="71" type="stmt" count="9"/>
        <line num="72" type="stmt" count="9"/>
        <line num="73" type="stmt" count="9"/>
        <line num="74" type="stmt" count="9"/>
        <line num="75" type="stmt" count="9"/>
        <line num="78" type="method" name="error" visibility="public" complexity="2" crap="2" count="6"/>
        <line num="80" type="stmt" count="6"/>
        <line num="81" type="stmt" count="6"/>
        <line num="82" type="stmt" count="6"/>
        <line num="83" type="stmt" count="6"/>
        <line num="84" type="stmt" count="6"/>
        <line num="85" type="stmt" count="6"/>
        <line num="86" type="stmt" count="6"/>
        <line num="93" type="method" name="scopeByChannel" visibility="public" complexity="1" crap="1" count="1"/>
        <line num="95" type="stmt" count="1"/>
        <line num="98" type="method" name="scopeByLevel" visibility="public" complexity="1" crap="1" count="1"/>
        <line num="100" type="stmt" count="1"/>
        <line num="103" type="method" name="scopeErrors" visibility="public" complexity="1" crap="1" count="1"/>
        <line num="105" type="stmt" count="1"/>
        <metrics loc="108" ncloc="86" classes="1" methods="8" coveredmethods="8" conditionals="0" coveredconditionals="0" statements="29" coveredstatements="29" elements="37" coveredelements="37"/>
      </file>
      <file name="/home/runner/work/simova-farma-php-webscraping/simova-farma-php-webscraping/app/Models/User.php">
        <class name="App\Models\User" namespace="App\Models">
          <metrics complexity="14" methods="13" coveredmethods="10" conditionals="0" coveredconditionals="0" statements="40" coveredstatements="37" elements="53" coveredelements="47"/>
        </class>
        <line num="56" type="method" name="casts" visibility="protected" complexity="1" crap="1" count="73"/>
        <line num="58" type="stmt" count="73"/>
        <line num="59" type="stmt" count="73"/>
        <line num="60" type="stmt" count="73"/>
        <line num="61" type="stmt" count="73"/>
        <line num="62" type="stmt" count="73"/>
        <line num="63" type="stmt" count="73"/>
        <line num="64" type="stmt" count="73"/>
        <line num="65" type="stmt" count="73"/>
        <line num="72" type="method" name="canAccessPanel" visibility="public" complexity="1" crap="1" count="19"/>
        <line num="74" type="stmt" count="19"/>
        <line num="81" type="method" name="editorialPostsApproved" visibility="public" complexity="1" crap="2" count="0"/>
        <line num="83" type="stmt" count="0"/>
        <line num="86" type="method" name="blogPosts" visibility="public" complexity="1" crap="2" count="0"/>
        <line num="88" type="stmt" count="0"/>
        <line num="91" type="method" name="systemLogs" visibility="public" complexity="1" crap="2" count="0"/>
        <line num="93" type="stmt" count="0"/>
        <line num="101" type="method" name="canReceiveTelegram" visibility="public" complexity="2" crap="2" count="6"/>
        <line num="103" type="stmt" count="6"/>
        <line num="104" type="stmt" count="6"/>
        <line num="108" type="method" name="generateTelegramLinkToken" visibility="public" complexity="1" crap="1" count="6"/>
        <line num="110" type="stmt" count="6"/>
        <line num="111" type="stmt" count="6"/>
        <line num="112" type="stmt" count="6"/>
        <line num="113" type="stmt" count="6"/>
        <line num="114" type="stmt" count="6"/>
        <line num="115" type="stmt" count="6"/>
        <line num="119" type="method" name="linkTelegram" visibility="public" complexity="1" crap="1" count="4"/>
        <line num="121" type="stmt" count="4"/>
        <line num="122" type="stmt" count="4"/>
        <line num="123" type="stmt" count="4"/>
        <line num="124" type="stmt" count="4"/>
        <line num="125" type="stmt" count="4"/>
        <line num="126" type="stmt" count="4"/>
        <line num="127" type="stmt" count="4"/>
        <line num="131" type="method" name="activate" visibility="public" complexity="1" crap="1" count="6"/>
        <line num="133" type="stmt" count="6"/>
        <line num="134" type="stmt" count="6"/>
        <line num="135" type="stmt" count="6"/>
        <line num="136" type="stmt" count="6"/>
        <line num="137" type="stmt" count="6"/>
        <line num="141" type="method" name="cancel" visibility="public" complexity="1" crap="1" count="3"/>
        <line num="143" type="stmt" count="3"/>
        <line num="144" type="stmt" count="3"/>
        <line num="145" type="stmt" count="3"/>
        <line num="146" type="stmt" count="3"/>
        <line num="153" type="method" name="scopeReceivingTelegram" visibility="public" complexity="1" crap="1" count="14"/>
        <line num="155" type="stmt" count="14"/>
        <line num="156" type="stmt" count="14"/>
        <line num="159" type="method" name="scopeActive" visibility="public" complexity="1" crap="1" count="1"/>
        <line num="161" type="stmt" count="1"/>
        <line num="164" type="method" name="scopeAdmin" visibility="public" complexity="1" crap="1" count="1"/>
        <line num="166" type="stmt" count="1"/>
        <metrics loc="169" ncloc="137" classes="1" methods="13" coveredmethods="10" conditionals="0" coveredconditionals="0" statements="40" coveredstatements="37" elements="53" coveredelements="47"/>
      </file>
    </package>
    <package name="App\Providers">
      <file name="/home/runner/work/simova-farma-php-webscraping/simova-farma-php-webscraping/app/Providers/AppServiceProvider.php">
        <class name="App\Providers\AppServiceProvider" namespace="App\Providers">
          <metrics complexity="2" methods="2" coveredmethods="2" conditionals="0" coveredconditionals="0" statements="2" coveredstatements="2" elements="4" coveredelements="4"/>
        </class>
        <line num="12" type="method" name="register" visibility="public" complexity="1" crap="1" count="167"/>
        <line num="15" type="stmt" count="167"/>
        <line num="20" type="method" name="boot" visibility="public" complexity="1" crap="1" count="167"/>
        <line num="23" type="stmt" count="167"/>
        <metrics loc="25" ncloc="17" classes="1" methods="2" coveredmethods="2" conditionals="0" coveredconditionals="0" statements="2" coveredstatements="2" elements="4" coveredelements="4"/>
      </file>
    </package>
    <package name="App\Providers\Filament">
      <file name="/home/runner/work/simova-farma-php-webscraping/simova-farma-php-webscraping/app/Providers/Filament/AdminPanelProvider.php">
        <class name="App\Providers\Filament\AdminPanelProvider" namespace="App\Providers\Filament">
          <metrics complexity="1" methods="1" coveredmethods="1" conditionals="0" coveredconditionals="0" statements="33" coveredstatements="33" elements="34" coveredelements="34"/>
        </class>
        <line num="23" type="method" name="panel" visibility="public" complexity="1" crap="1" count="167"/>
        <line num="25" type="stmt" count="167"/>
        <line num="26" type="stmt" count="167"/>
        <line num="27" type="stmt" count="167"/>
        <line num="28" type="stmt" count="167"/>
        <line num="29" type="stmt" count="167"/>
        <line num="30" type="stmt" count="167"/>
        <line num="32" type="stmt" count="167"/>
        <line num="33" type="stmt" count="167"/>
        <line num="34" type="stmt" count="167"/>
        <line num="35" type="stmt" count="167"/>
        <line num="36" type="stmt" count="167"/>
        <line num="37" type="stmt" count="167"/>
        <line num="38" type="stmt" count="167"/>
        <line num="39" type="stmt" count="167"/>
        <line num="40" type="stmt" count="167"/>
        <line num="41" type="stmt" count="167"/>
        <line num="42" type="stmt" count="167"/>
        <line num="43" type="stmt" count="167"/>
        <line num="44" type="stmt" count="167"/>
        <line num="45" type="stmt" count="167"/>
        <line num="46" type="stmt" count="167"/>
        <line num="47" type="stmt" count="167"/>
        <line num="48" type="stmt" count="167"/>
        <line num="49" type="stmt" count="167"/>
        <line num="50" type="stmt" count="167"/>
        <line num="51" type="stmt" count="167"/>
        <line num="52" type="stmt" count="167"/>
        <line num="53" type="stmt" count="167"/>
        <line num="54" type="stmt" count="167"/>
        <line num="55" type="stmt" count="167"/>
        <line num="56" type="stmt" count="167"/>
        <line num="57" type="stmt" count="167"/>
        <line num="58" type="stmt" count="167"/>
        <metrics loc="61" ncloc="60" classes="1" methods="1" coveredmethods="1" conditionals="0" coveredconditionals="0" statements="33" coveredstatements="33" elements="34" coveredelements="34"/>
      </file>
    </package>
    <package name="App\Services">
      <file name="/home/runner/work/simova-farma-php-webscraping/simova-farma-php-webscraping/app/Services/MercadoPagoService.php">
        <class name="App\Services\MercadoPagoService" namespace="App\Services">
          <metrics complexity="34" methods="8" coveredmethods="4" conditionals="0" coveredconditionals="0" statements="95" coveredstatements="85" elements="103" coveredelements="89"/>
        </class>
        <line num="37" type="method" name="__construct" visibility="public" complexity="2" crap="2" count="31"/>
        <line num="39" type="stmt" count="31"/>
        <line num="41" type="stmt" count="31"/>
        <line num="42" type="stmt" count="1"/>
        <line num="43" type="stmt" count="1"/>
        <line num="44" type="stmt" count="1"/>
        <line num="47" type="stmt" count="31"/>
        <line num="48" type="stmt" count="31"/>
        <line num="61" type="method" name="getCheckoutUrl" visibility="public" complexity="2" crap="2" count="6"/>
        <line num="64" type="stmt" count="6"/>
        <line num="67" type="stmt" count="6"/>
        <line num="69" type="stmt" count="2"/>
        <line num="72" type="stmt" count="6"/>
        <line num="89" type="method" name="validateWebhookSignature" visibility="public" complexity="5" crap="5" count="19"/>
        <line num="95" type="stmt" count="19"/>
        <line num="98" type="stmt" count="19"/>
        <line num="99" type="stmt" count="1"/>
        <line num="100" type="stmt" count="1"/>
        <line num="104" type="stmt" count="18"/>
        <line num="105" type="stmt" count="18"/>
        <line num="106" type="stmt" count="18"/>
        <line num="107" type="stmt" count="18"/>
        <line num="110" type="stmt" count="18"/>
        <line num="111" type="stmt" count="4"/>
        <line num="115" type="stmt" count="14"/>
        <line num="116" type="stmt" count="14"/>
        <line num="118" type="stmt" count="14"/>
        <line num="126" type="method" name="processWebhook" visibility="public" complexity="4" crap="4" count="9"/>
        <line num="128" type="stmt" count="9"/>
        <line num="129" type="stmt" count="9"/>
        <line num="130" type="stmt" count="9"/>
        <line num="132" type="stmt" count="9"/>
        <line num="134" type="stmt" count="9"/>
        <line num="135" type="stmt" count="6"/>
        <line num="136" type="stmt" count="2"/>
        <line num="137" type="stmt" count="1"/>
        <line num="138" type="stmt" count="9"/>
        <line num="145" type="method" name="handleSubscriptionEvent" visibility="private" complexity="8" crap="8.02" count="6"/>
        <line num="147" type="stmt" count="6"/>
        <line num="148" type="stmt" count="0"/>
        <line num="152" type="stmt" count="6"/>
        <line num="153" type="stmt" count="6"/>
        <line num="154" type="stmt" count="1"/>
        <line num="157" type="stmt" count="5"/>
        <line num="158" type="stmt" count="5"/>
        <line num="159" type="stmt" count="5"/>
        <line num="162" type="stmt" count="5"/>
        <line num="163" type="stmt" count="1"/>
        <line num="165" type="stmt" count="5"/>
        <line num="166" type="stmt" count="1"/>
        <line num="167" type="stmt" count="1"/>
        <line num="168" type="stmt" count="1"/>
        <line num="169" type="stmt" count="1"/>
        <line num="170" type="stmt" count="1"/>
        <line num="171" type="stmt" count="1"/>
        <line num="175" type="stmt" count="4"/>
        <line num="176" type="stmt" count="4"/>
        <line num="177" type="stmt" count="4"/>
        <line num="178" type="stmt" count="4"/>
        <line num="179" type="stmt" count="4"/>
        <line num="182" type="stmt" count="4"/>
        <line num="183" type="stmt" count="2"/>
        <line num="184" type="stmt" count="2"/>
        <line num="185" type="stmt" count="0"/>
        <line num="186" type="stmt" count="4"/>
        <line num="188" type="stmt" count="4"/>
        <line num="189" type="stmt" count="4"/>
        <line num="190" type="stmt" count="4"/>
        <line num="191" type="stmt" count="4"/>
        <line num="192" type="stmt" count="4"/>
        <line num="195" type="method" name="handlePaymentEvent" visibility="private" complexity="7" crap="7.10" count="2"/>
        <line num="197" type="stmt" count="2"/>
        <line num="198" type="stmt" count="0"/>
        <line num="201" type="stmt" count="2"/>
        <line num="202" type="stmt" count="2"/>
        <line num="203" type="stmt" count="0"/>
        <line num="206" type="stmt" count="2"/>
        <line num="207" type="stmt" count="2"/>
        <line num="209" type="stmt" count="2"/>
        <line num="210" type="stmt" count="2"/>
        <line num="211" type="stmt" count="2"/>
        <line num="212" type="stmt" count="2"/>
        <line num="213" type="stmt" count="2"/>
        <line num="216" type="stmt" count="2"/>
        <line num="217" type="stmt" count="2"/>
        <line num="218" type="stmt" count="2"/>
        <line num="219" type="stmt" count="1"/>
        <line num="228" type="method" name="getSubscription" visibility="private" complexity="3" crap="3.71" count="6"/>
        <line num="231" type="stmt" count="6"/>
        <line num="232" type="stmt" count="6"/>
        <line num="233" type="stmt" count="6"/>
        <line num="235" type="stmt" count="6"/>
        <line num="236" type="stmt" count="0"/>
        <line num="237" type="stmt" count="0"/>
        <line num="238" type="stmt" count="0"/>
        <line num="242" type="method" name="getPayment" visibility="private" complexity="3" crap="3.71" count="2"/>
        <line num="245" type="stmt" count="2"/>
        <line num="246" type="stmt" count="2"/>
        <line num="247" type="stmt" count="2"/>
        <line num="249" type="stmt" count="2"/>
        <line num="250" type="stmt" count="0"/>
        <line num="251" type="stmt" count="0"/>
        <line num="252" type="stmt" count="0"/>
        <metrics loc="256" ncloc="192" classes="1" methods="8" coveredmethods="4" conditionals="0" coveredconditionals="0" statements="95" coveredstatements="85" elements="103" coveredelements="89"/>
      </file>
      <file name="/home/runner/work/simova-farma-php-webscraping/simova-farma-php-webscraping/app/Services/TelegramService.php">
        <class name="App\Services\TelegramService" namespace="App\Services">
          <metrics complexity="16" methods="12" coveredmethods="12" conditionals="0" coveredconditionals="0" statements="65" coveredstatements="65" elements="77" coveredelements="77"/>
        </class>
        <line num="30" type="method" name="__construct" visibility="public" complexity="2" crap="2" count="51"/>
        <line num="32" type="stmt" count="51"/>
        <line num="34" type="stmt" count="51"/>
        <line num="35" type="stmt" count="1"/>
        <line num="36" type="stmt" count="1"/>
        <line num="37" type="stmt" count="1"/>
        <line num="38" type="stmt" count="1"/>
        <line num="41" type="stmt" count="51"/>
        <line num="42" type="stmt" count="51"/>
        <line num="57" type="method" name="sendMessage" visibility="public" complexity="2" crap="2" count="20"/>
        <line num="59" type="stmt" count="20"/>
        <line num="60" type="stmt" count="20"/>
        <line num="61" type="stmt" count="20"/>
        <line num="62" type="stmt" count="20"/>
        <line num="63" type="stmt" count="20"/>
        <line num="65" type="stmt" count="20"/>
        <line num="67" type="stmt" count="20"/>
        <line num="68" type="stmt" count="2"/>
        <line num="69" type="stmt" count="2"/>
        <line num="70" type="stmt" count="2"/>
        <line num="71" type="stmt" count="2"/>
        <line num="72" type="stmt" count="2"/>
        <line num="73" type="stmt" count="2"/>
        <line num="74" type="stmt" count="2"/>
        <line num="77" type="stmt" count="18"/>
        <line num="88" type="method" name="sendMessageWithButtons" visibility="public" complexity="1" crap="1" count="1"/>
        <line num="94" type="stmt" count="1"/>
        <line num="95" type="stmt" count="1"/>
        <line num="96" type="stmt" count="1"/>
        <line num="97" type="stmt" count="1"/>
        <line num="98" type="stmt" count="1"/>
        <line num="99" type="stmt" count="1"/>
        <line num="100" type="stmt" count="1"/>
        <line num="101" type="stmt" count="1"/>
        <line num="103" type="stmt" count="1"/>
        <line num="104" type="stmt" count="1"/>
        <line num="117" type="method" name="setWebhook" visibility="public" complexity="1" crap="1" count="3"/>
        <line num="119" type="stmt" count="3"/>
        <line num="120" type="stmt" count="3"/>
        <line num="121" type="stmt" count="3"/>
        <line num="122" type="stmt" count="3"/>
        <line num="124" type="stmt" count="3"/>
        <line num="130" type="method" name="deleteWebhook" visibility="public" complexity="1" crap="1" count="3"/>
        <line num="132" type="stmt" count="3"/>
        <line num="133" type="stmt" count="3"/>
        <line num="139" type="method" name="getWebhookInfo" visibility="public" complexity="1" crap="1" count="1"/>
        <line num="141" type="stmt" count="1"/>
        <line num="148" type="method" name="getMe" visibility="public" complexity="1" crap="1" count="1"/>
        <line num="150" type="stmt" count="1"/>
        <line num="157" type="method" name="post" visibility="private" complexity="1" crap="1" count="27"/>
        <line num="159" type="stmt" count="27"/>
        <line num="162" type="method" name="get" visibility="private" complexity="1" crap="1" count="2"/>
        <line num="164" type="stmt" count="2"/>
        <line num="165" type="stmt" count="2"/>
        <line num="175" type="method" name="formatAlertMessage" visibility="public" complexity="3" crap="3" count="2"/>
        <line num="183" type="stmt" count="2"/>
        <line num="184" type="stmt" count="2"/>
        <line num="186" type="stmt" count="2"/>
        <line num="187" type="stmt" count="2"/>
        <line num="189" type="stmt" count="2"/>
        <line num="190" type="stmt" count="2"/>
        <line num="192" type="stmt" count="2"/>
        <line num="194" type="stmt" count="2"/>
        <line num="196" type="stmt" count="2"/>
        <line num="197" type="stmt" count="2"/>
        <line num="203" type="method" name="formatDigestItem" visibility="public" complexity="1" crap="1" count="7"/>
        <line num="209" type="stmt" count="7"/>
        <line num="210" type="stmt" count="7"/>
        <line num="211" type="stmt" count="7"/>
        <line num="219" type="method" name="formatDailyDigest" visibility="public" complexity="1" crap="1" count="7"/>
        <line num="221" type="stmt" count="7"/>
        <line num="222" type="stmt" count="7"/>
        <line num="224" type="stmt" count="7"/>
        <line num="225" type="stmt" count="7"/>
        <line num="226" type="stmt" count="7"/>
        <line num="228" type="stmt" count="7"/>
        <line num="232" type="stmt" count="7"/>
        <metrics loc="235" ncloc="166" classes="1" methods="12" coveredmethods="12" conditionals="0" coveredconditionals="0" statements="65" coveredstatements="65" elements="77" coveredelements="77"/>
      </file>
    </package>
    <metrics files="37" loc="3031" ncloc="2533" classes="31" methods="110" coveredmethods="92" conditionals="0" coveredconditionals="0" statements="1191" coveredstatements="1123" elements="1301" coveredelements="1215"/>
  </project>
</coverage>
